<?xml version="1.0" encoding="UTF-8"?>
<testsuite name="com.gama.whiv.user.UserControllerTest" tests="1" skipped="0" failures="0" errors="0" timestamp="2024-12-13T14:44:20" hostname="DESKTOP-STV9CEJ" time="27.382">
  <properties/>
  <testcase name="createUser_ShouldReturnSuccess()" classname="com.gama.whiv.user.UserControllerTest" time="27.382"/>
  <system-out><![CDATA[20:13:49.138 [Test worker] INFO org.springframework.test.context.support.AnnotationConfigContextLoaderUtils -- Could not detect default configuration classes for test class [com.gama.whiv.user.UserControllerTest]: UserControllerTest does not declare any static, non-private, non-final, nested classes annotated with @Configuration.
20:13:49.569 [Test worker] INFO org.springframework.boot.test.context.SpringBootTestContextBootstrapper -- Found @SpringBootConfiguration com.gama.whiv.user.SystemUserManagementApplication for test class com.gama.whiv.user.UserControllerTest

  .   ____          _            __ _ _
 /\\ / ___'_ __ _ _(_)_ __  __ _ \ \ \ \
( ( )\___ | '_ | '_| | '_ \/ _` | \ \ \ \
 \\/  ___)| |_)| | | | | || (_| |  ) ) ) )
  '  |____| .__|_| |_|_| |_\__, | / / / /
 =========|_|==============|___/=/_/_/_/
 :: Spring Boot ::                (v3.2.0)

2024-12-13T20:13:51.850+05:30  INFO 25712 --- [system-user-management] [    Test worker] com.gama.whiv.user.UserControllerTest    : Starting UserControllerTest using Java 21.0.4 with PID 25712 (started by arun in C:\Users\arun\Documents\gama-whiv\system-user-management)
2024-12-13T20:13:51.857+05:30 DEBUG 25712 --- [system-user-management] [    Test worker] com.gama.whiv.user.UserControllerTest    : Running with Spring Boot v3.2.0, Spring v6.1.1
2024-12-13T20:13:51.861+05:30  INFO 25712 --- [system-user-management] [    Test worker] com.gama.whiv.user.UserControllerTest    : No active profile set, falling back to 1 default profile: "default"
2024-12-13T20:13:54.519+05:30  INFO 25712 --- [system-user-management] [    Test worker] .s.d.r.c.RepositoryConfigurationDelegate : Bootstrapping Spring Data JPA repositories in DEFAULT mode.
2024-12-13T20:13:54.739+05:30  INFO 25712 --- [system-user-management] [    Test worker] .s.d.r.c.RepositoryConfigurationDelegate : Finished Spring Data repository scanning in 188 ms. Found 3 JPA repository interfaces.
2024-12-13T20:14:02.891+05:30  INFO 25712 --- [system-user-management] [    Test worker] o.hibernate.jpa.internal.util.LogHelper  : HHH000204: Processing PersistenceUnitInfo [name: default]
2024-12-13T20:14:03.351+05:30  INFO 25712 --- [system-user-management] [    Test worker] org.hibernate.Version                    : HHH000412: Hibernate ORM core version 6.3.1.Final
2024-12-13T20:14:03.659+05:30  INFO 25712 --- [system-user-management] [    Test worker] o.h.c.internal.RegionFactoryInitiator    : HHH000026: Second-level cache disabled
2024-12-13T20:14:04.393+05:30  INFO 25712 --- [system-user-management] [    Test worker] o.s.o.j.p.SpringPersistenceUnitInfo      : No LoadTimeWeaver setup: ignoring JPA class transformer
2024-12-13T20:14:04.513+05:30  INFO 25712 --- [system-user-management] [    Test worker] com.zaxxer.hikari.HikariDataSource       : HikariPool-1 - Starting...
2024-12-13T20:14:05.662+05:30  INFO 25712 --- [system-user-management] [    Test worker] com.zaxxer.hikari.pool.HikariPool        : HikariPool-1 - Added connection conn0: url=jdbc:h2:mem:userdb user=SA
2024-12-13T20:14:05.672+05:30  INFO 25712 --- [system-user-management] [    Test worker] com.zaxxer.hikari.HikariDataSource       : HikariPool-1 - Start completed.
2024-12-13T20:14:05.866+05:30  WARN 25712 --- [system-user-management] [    Test worker] org.hibernate.orm.deprecation            : HHH90000025: H2Dialect does not need to be specified explicitly using 'hibernate.dialect' (remove the property setting and it will be selected by default)
2024-12-13T20:14:08.530+05:30  INFO 25712 --- [system-user-management] [    Test worker] o.h.e.t.j.p.i.JtaPlatformInitiator       : HHH000489: No JTA platform available (set 'hibernate.transaction.jta.platform' to enable JTA platform integration)
Hibernate: create table permissions (id bigint generated by default as identity, description varchar(255), name varchar(255), permission_group varchar(255), primary key (id))
Hibernate: create table role_permissions (role_id bigint not null, permission_id bigint not null, primary key (role_id, permission_id))
Hibernate: create table roles (id bigint generated by default as identity, name varchar(255), primary key (id))
Hibernate: create table user_roles (user_id bigint not null, role_id bigint not null, primary key (user_id, role_id))
Hibernate: create table users (id bigint generated by default as identity, password varchar(255), username varchar(255), primary key (id))
Hibernate: alter table if exists role_permissions add constraint FKegdk29eiy7mdtefy5c7eirr6e foreign key (permission_id) references permissions
Hibernate: alter table if exists role_permissions add constraint FKn5fotdgk8d1xvo8nav9uv3muc foreign key (role_id) references roles
Hibernate: alter table if exists user_roles add constraint FKh8ciramu9cc9q3qcqiv4ue8a6 foreign key (role_id) references roles
Hibernate: alter table if exists user_roles add constraint FKhfh9dx7w3ubf1co1vdev94g3f foreign key (user_id) references users
2024-12-13T20:14:08.728+05:30  INFO 25712 --- [system-user-management] [    Test worker] j.LocalContainerEntityManagerFactoryBean : Initialized JPA EntityManagerFactory for persistence unit 'default'
2024-12-13T20:14:09.697+05:30  WARN 25712 --- [system-user-management] [    Test worker] JpaBaseConfiguration$JpaWebConfiguration : spring.jpa.open-in-view is enabled by default. Therefore, database queries may be performed during view rendering. Explicitly configure spring.jpa.open-in-view to disable this warning
2024-12-13T20:14:18.622+05:30  INFO 25712 --- [system-user-management] [    Test worker] o.s.b.t.m.w.SpringBootMockServletContext : Initializing Spring TestDispatcherServlet ''
2024-12-13T20:14:18.622+05:30  INFO 25712 --- [system-user-management] [    Test worker] o.s.t.web.servlet.TestDispatcherServlet  : Initializing Servlet ''
2024-12-13T20:14:18.668+05:30  INFO 25712 --- [system-user-management] [    Test worker] o.s.b.a.e.web.EndpointLinksResolver      : Exposing 1 endpoint(s) beneath base path '/actuator'
2024-12-13T20:14:18.738+05:30  INFO 25712 --- [system-user-management] [    Test worker] o.s.t.web.servlet.TestDispatcherServlet  : Completed initialization in 108 ms
2024-12-13T20:14:19.382+05:30  INFO 25712 --- [system-user-management] [    Test worker] com.gama.whiv.user.UserControllerTest    : Started UserControllerTest in 29.1 seconds (process running for 32.816)
]]></system-out>
  <system-err><![CDATA[WARNING: A Java agent has been loaded dynamically (C:\Users\arun\.gradle\caches\modules-2\files-2.1\net.bytebuddy\byte-buddy-agent\1.14.10\90ed94ac044ea8953b224304c762316e91fd6b31\byte-buddy-agent-1.14.10.jar)
WARNING: If a serviceability tool is in use, please run with -XX:+EnableDynamicAgentLoading to hide this warning
WARNING: If a serviceability tool is not in use, please run with -Djdk.instrument.traceUsage for more information
WARNING: Dynamic loading of agents will be disallowed by default in a future release
]]></system-err>
</testsuite>
